<?xml version="1.0" encoding="UTF-8"?>
<testsuite xmlns:xsi="http://www.w3.org/2001/XMLSchema-instance" xsi:noNamespaceSchemaLocation="https://maven.apache.org/surefire/maven-surefire-plugin/xsd/surefire-test-report-3.0.xsd" version="3.0" name="runners.TestRunner" time="46.592" tests="6" errors="0" skipped="0" failures="0">
  <properties>
    <property name="java.specification.version" value="24"/>
    <property name="sun.jnu.encoding" value="UTF-8"/>
    <property name="java.class.path" value="/Users/ArthiKrishnamurthi/hudl-login-tests-3/hudl-login-tests/target/test-classes:/Users/ArthiKrishnamurthi/hudl-login-tests-3/hudl-login-tests/target/classes:/Users/ArthiKrishnamurthi/.m2/repository/org/seleniumhq/selenium/selenium-java/4.14.0/selenium-java-4.14.0.jar:/Users/ArthiKrishnamurthi/.m2/repository/org/seleniumhq/selenium/selenium-api/4.14.0/selenium-api-4.14.0.jar:/Users/ArthiKrishnamurthi/.m2/repository/org/seleniumhq/selenium/selenium-chrome-driver/4.14.0/selenium-chrome-driver-4.14.0.jar:/Users/ArthiKrishnamurthi/.m2/repository/com/google/auto/service/auto-service-annotations/1.1.1/auto-service-annotations-1.1.1.jar:/Users/ArthiKrishnamurthi/.m2/repository/com/google/guava/guava/32.1.2-jre/guava-32.1.2-jre.jar:/Users/ArthiKrishnamurthi/.m2/repository/com/google/guava/failureaccess/1.0.1/failureaccess-1.0.1.jar:/Users/ArthiKrishnamurthi/.m2/repository/com/google/guava/listenablefuture/9999.0-empty-to-avoid-conflict-with-guava/listenablefuture-9999.0-empty-to-avoid-conflict-with-guava.jar:/Users/ArthiKrishnamurthi/.m2/repository/com/google/code/findbugs/jsr305/3.0.2/jsr305-3.0.2.jar:/Users/ArthiKrishnamurthi/.m2/repository/org/checkerframework/checker-qual/3.33.0/checker-qual-3.33.0.jar:/Users/ArthiKrishnamurthi/.m2/repository/com/google/errorprone/error_prone_annotations/2.18.0/error_prone_annotations-2.18.0.jar:/Users/ArthiKrishnamurthi/.m2/repository/com/google/j2objc/j2objc-annotations/2.8/j2objc-annotations-2.8.jar:/Users/ArthiKrishnamurthi/.m2/repository/org/seleniumhq/selenium/selenium-chromium-driver/4.14.0/selenium-chromium-driver-4.14.0.jar:/Users/ArthiKrishnamurthi/.m2/repository/org/seleniumhq/selenium/selenium-json/4.14.0/selenium-json-4.14.0.jar:/Users/ArthiKrishnamurthi/.m2/repository/org/seleniumhq/selenium/selenium-manager/4.14.0/selenium-manager-4.14.0.jar:/Users/ArthiKrishnamurthi/.m2/repository/org/seleniumhq/selenium/selenium-devtools-v116/4.14.0/selenium-devtools-v116-4.14.0.jar:/Users/ArthiKrishnamurthi/.m2/repository/org/seleniumhq/selenium/selenium-devtools-v117/4.14.0/selenium-devtools-v117-4.14.0.jar:/Users/ArthiKrishnamurthi/.m2/repository/org/seleniumhq/selenium/selenium-devtools-v118/4.14.0/selenium-devtools-v118-4.14.0.jar:/Users/ArthiKrishnamurthi/.m2/repository/org/seleniumhq/selenium/selenium-devtools-v85/4.14.0/selenium-devtools-v85-4.14.0.jar:/Users/ArthiKrishnamurthi/.m2/repository/org/seleniumhq/selenium/selenium-edge-driver/4.14.0/selenium-edge-driver-4.14.0.jar:/Users/ArthiKrishnamurthi/.m2/repository/org/seleniumhq/selenium/selenium-firefox-driver/4.14.0/selenium-firefox-driver-4.14.0.jar:/Users/ArthiKrishnamurthi/.m2/repository/org/seleniumhq/selenium/selenium-http/4.14.0/selenium-http-4.14.0.jar:/Users/ArthiKrishnamurthi/.m2/repository/dev/failsafe/failsafe/3.3.2/failsafe-3.3.2.jar:/Users/ArthiKrishnamurthi/.m2/repository/org/seleniumhq/selenium/selenium-ie-driver/4.14.0/selenium-ie-driver-4.14.0.jar:/Users/ArthiKrishnamurthi/.m2/repository/org/seleniumhq/selenium/selenium-remote-driver/4.14.0/selenium-remote-driver-4.14.0.jar:/Users/ArthiKrishnamurthi/.m2/repository/io/opentelemetry/opentelemetry-api/1.28.0/opentelemetry-api-1.28.0.jar:/Users/ArthiKrishnamurthi/.m2/repository/io/opentelemetry/opentelemetry-context/1.28.0/opentelemetry-context-1.28.0.jar:/Users/ArthiKrishnamurthi/.m2/repository/io/opentelemetry/opentelemetry-exporter-logging/1.28.0/opentelemetry-exporter-logging-1.28.0.jar:/Users/ArthiKrishnamurthi/.m2/repository/io/opentelemetry/opentelemetry-sdk-metrics/1.28.0/opentelemetry-sdk-metrics-1.28.0.jar:/Users/ArthiKrishnamurthi/.m2/repository/io/opentelemetry/opentelemetry-extension-incubator/1.28.0-alpha/opentelemetry-extension-incubator-1.28.0-alpha.jar:/Users/ArthiKrishnamurthi/.m2/repository/io/opentelemetry/opentelemetry-sdk-logs/1.28.0/opentelemetry-sdk-logs-1.28.0.jar:/Users/ArthiKrishnamurthi/.m2/repository/io/opentelemetry/opentelemetry-sdk-common/1.28.0/opentelemetry-sdk-common-1.28.0.jar:/Users/ArthiKrishnamurthi/.m2/repository/io/opentelemetry/opentelemetry-sdk-extension-autoconfigure-spi/1.28.0/opentelemetry-sdk-extension-autoconfigure-spi-1.28.0.jar:/Users/ArthiKrishnamurthi/.m2/repository/io/opentelemetry/opentelemetry-sdk-extension-autoconfigure/1.28.0/opentelemetry-sdk-extension-autoconfigure-1.28.0.jar:/Users/ArthiKrishnamurthi/.m2/repository/io/opentelemetry/opentelemetry-api-events/1.28.0-alpha/opentelemetry-api-events-1.28.0-alpha.jar:/Users/ArthiKrishnamurthi/.m2/repository/io/opentelemetry/opentelemetry-sdk-trace/1.28.0/opentelemetry-sdk-trace-1.28.0.jar:/Users/ArthiKrishnamurthi/.m2/repository/io/opentelemetry/opentelemetry-sdk/1.28.0/opentelemetry-sdk-1.28.0.jar:/Users/ArthiKrishnamurthi/.m2/repository/io/opentelemetry/opentelemetry-semconv/1.28.0-alpha/opentelemetry-semconv-1.28.0-alpha.jar:/Users/ArthiKrishnamurthi/.m2/repository/net/bytebuddy/byte-buddy/1.14.5/byte-buddy-1.14.5.jar:/Users/ArthiKrishnamurthi/.m2/repository/org/seleniumhq/selenium/selenium-os/4.14.0/selenium-os-4.14.0.jar:/Users/ArthiKrishnamurthi/.m2/repository/org/apache/commons/commons-exec/1.3/commons-exec-1.3.jar:/Users/ArthiKrishnamurthi/.m2/repository/org/seleniumhq/selenium/selenium-safari-driver/4.14.0/selenium-safari-driver-4.14.0.jar:/Users/ArthiKrishnamurthi/.m2/repository/org/seleniumhq/selenium/selenium-support/4.14.0/selenium-support-4.14.0.jar:/Users/ArthiKrishnamurthi/.m2/repository/io/cucumber/cucumber-java/7.15.0/cucumber-java-7.15.0.jar:/Users/ArthiKrishnamurthi/.m2/repository/io/cucumber/cucumber-core/7.15.0/cucumber-core-7.15.0.jar:/Users/ArthiKrishnamurthi/.m2/repository/io/cucumber/cucumber-gherkin/7.15.0/cucumber-gherkin-7.15.0.jar:/Users/ArthiKrishnamurthi/.m2/repository/io/cucumber/cucumber-gherkin-messages/7.15.0/cucumber-gherkin-messages-7.15.0.jar:/Users/ArthiKrishnamurthi/.m2/repository/io/cucumber/gherkin/26.2.0/gherkin-26.2.0.jar:/Users/ArthiKrishnamurthi/.m2/repository/io/cucumber/messages/22.0.0/messages-22.0.0.jar:/Users/ArthiKrishnamurthi/.m2/repository/io/cucumber/tag-expressions/6.0.0/tag-expressions-6.0.0.jar:/Users/ArthiKrishnamurthi/.m2/repository/io/cucumber/cucumber-expressions/17.0.1/cucumber-expressions-17.0.1.jar:/Users/ArthiKrishnamurthi/.m2/repository/io/cucumber/datatable/7.15.0/datatable-7.15.0.jar:/Users/ArthiKrishnamurthi/.m2/repository/io/cucumber/cucumber-plugin/7.15.0/cucumber-plugin-7.15.0.jar:/Users/ArthiKrishnamurthi/.m2/repository/io/cucumber/docstring/7.15.0/docstring-7.15.0.jar:/Users/ArthiKrishnamurthi/.m2/repository/io/cucumber/html-formatter/20.4.0/html-formatter-20.4.0.jar:/Users/ArthiKrishnamurthi/.m2/repository/io/cucumber/junit-xml-formatter/0.2.0/junit-xml-formatter-0.2.0.jar:/Users/ArthiKrishnamurthi/.m2/repository/io/cucumber/ci-environment/10.0.0/ci-environment-10.0.0.jar:/Users/ArthiKrishnamurthi/.m2/repository/org/apiguardian/apiguardian-api/1.1.2/apiguardian-api-1.1.2.jar:/Users/ArthiKrishnamurthi/.m2/repository/io/cucumber/cucumber-junit/7.15.0/cucumber-junit-7.15.0.jar:/Users/ArthiKrishnamurthi/.m2/repository/junit/junit/4.13.2/junit-4.13.2.jar:/Users/ArthiKrishnamurthi/.m2/repository/org/hamcrest/hamcrest-core/1.3/hamcrest-core-1.3.jar:"/>
    <property name="java.vm.vendor" value="Homebrew"/>
    <property name="sun.arch.data.model" value="64"/>
    <property name="java.vendor.url" value="https://github.com/Homebrew/homebrew-core/issues"/>
    <property name="os.name" value="Mac OS X"/>
    <property name="java.vm.specification.version" value="24"/>
    <property name="sun.java.launcher" value="SUN_STANDARD"/>
    <property name="user.country" value="GB"/>
    <property name="sun.boot.library.path" value="/opt/homebrew/Cellar/openjdk/24.0.2/libexec/openjdk.jdk/Contents/Home/lib"/>
    <property name="sun.java.command" value="/Users/ArthiKrishnamurthi/hudl-login-tests-3/hudl-login-tests/target/surefire/surefirebooter-20250806065918199_3.jar /Users/ArthiKrishnamurthi/hudl-login-tests-3/hudl-login-tests/target/surefire 2025-08-06T06-59-18_166-jvmRun1 surefire-20250806065918199_1tmp surefire_0-20250806065918199_2tmp"/>
    <property name="http.nonProxyHosts" value="local|*.local|169.254/16|*.169.254/16"/>
    <property name="jdk.debug" value="release"/>
    <property name="surefire.test.class.path" value="/Users/ArthiKrishnamurthi/hudl-login-tests-3/hudl-login-tests/target/test-classes:/Users/ArthiKrishnamurthi/hudl-login-tests-3/hudl-login-tests/target/classes:/Users/ArthiKrishnamurthi/.m2/repository/org/seleniumhq/selenium/selenium-java/4.14.0/selenium-java-4.14.0.jar:/Users/ArthiKrishnamurthi/.m2/repository/org/seleniumhq/selenium/selenium-api/4.14.0/selenium-api-4.14.0.jar:/Users/ArthiKrishnamurthi/.m2/repository/org/seleniumhq/selenium/selenium-chrome-driver/4.14.0/selenium-chrome-driver-4.14.0.jar:/Users/ArthiKrishnamurthi/.m2/repository/com/google/auto/service/auto-service-annotations/1.1.1/auto-service-annotations-1.1.1.jar:/Users/ArthiKrishnamurthi/.m2/repository/com/google/guava/guava/32.1.2-jre/guava-32.1.2-jre.jar:/Users/ArthiKrishnamurthi/.m2/repository/com/google/guava/failureaccess/1.0.1/failureaccess-1.0.1.jar:/Users/ArthiKrishnamurthi/.m2/repository/com/google/guava/listenablefuture/9999.0-empty-to-avoid-conflict-with-guava/listenablefuture-9999.0-empty-to-avoid-conflict-with-guava.jar:/Users/ArthiKrishnamurthi/.m2/repository/com/google/code/findbugs/jsr305/3.0.2/jsr305-3.0.2.jar:/Users/ArthiKrishnamurthi/.m2/repository/org/checkerframework/checker-qual/3.33.0/checker-qual-3.33.0.jar:/Users/ArthiKrishnamurthi/.m2/repository/com/google/errorprone/error_prone_annotations/2.18.0/error_prone_annotations-2.18.0.jar:/Users/ArthiKrishnamurthi/.m2/repository/com/google/j2objc/j2objc-annotations/2.8/j2objc-annotations-2.8.jar:/Users/ArthiKrishnamurthi/.m2/repository/org/seleniumhq/selenium/selenium-chromium-driver/4.14.0/selenium-chromium-driver-4.14.0.jar:/Users/ArthiKrishnamurthi/.m2/repository/org/seleniumhq/selenium/selenium-json/4.14.0/selenium-json-4.14.0.jar:/Users/ArthiKrishnamurthi/.m2/repository/org/seleniumhq/selenium/selenium-manager/4.14.0/selenium-manager-4.14.0.jar:/Users/ArthiKrishnamurthi/.m2/repository/org/seleniumhq/selenium/selenium-devtools-v116/4.14.0/selenium-devtools-v116-4.14.0.jar:/Users/ArthiKrishnamurthi/.m2/repository/org/seleniumhq/selenium/selenium-devtools-v117/4.14.0/selenium-devtools-v117-4.14.0.jar:/Users/ArthiKrishnamurthi/.m2/repository/org/seleniumhq/selenium/selenium-devtools-v118/4.14.0/selenium-devtools-v118-4.14.0.jar:/Users/ArthiKrishnamurthi/.m2/repository/org/seleniumhq/selenium/selenium-devtools-v85/4.14.0/selenium-devtools-v85-4.14.0.jar:/Users/ArthiKrishnamurthi/.m2/repository/org/seleniumhq/selenium/selenium-edge-driver/4.14.0/selenium-edge-driver-4.14.0.jar:/Users/ArthiKrishnamurthi/.m2/repository/org/seleniumhq/selenium/selenium-firefox-driver/4.14.0/selenium-firefox-driver-4.14.0.jar:/Users/ArthiKrishnamurthi/.m2/repository/org/seleniumhq/selenium/selenium-http/4.14.0/selenium-http-4.14.0.jar:/Users/ArthiKrishnamurthi/.m2/repository/dev/failsafe/failsafe/3.3.2/failsafe-3.3.2.jar:/Users/ArthiKrishnamurthi/.m2/repository/org/seleniumhq/selenium/selenium-ie-driver/4.14.0/selenium-ie-driver-4.14.0.jar:/Users/ArthiKrishnamurthi/.m2/repository/org/seleniumhq/selenium/selenium-remote-driver/4.14.0/selenium-remote-driver-4.14.0.jar:/Users/ArthiKrishnamurthi/.m2/repository/io/opentelemetry/opentelemetry-api/1.28.0/opentelemetry-api-1.28.0.jar:/Users/ArthiKrishnamurthi/.m2/repository/io/opentelemetry/opentelemetry-context/1.28.0/opentelemetry-context-1.28.0.jar:/Users/ArthiKrishnamurthi/.m2/repository/io/opentelemetry/opentelemetry-exporter-logging/1.28.0/opentelemetry-exporter-logging-1.28.0.jar:/Users/ArthiKrishnamurthi/.m2/repository/io/opentelemetry/opentelemetry-sdk-metrics/1.28.0/opentelemetry-sdk-metrics-1.28.0.jar:/Users/ArthiKrishnamurthi/.m2/repository/io/opentelemetry/opentelemetry-extension-incubator/1.28.0-alpha/opentelemetry-extension-incubator-1.28.0-alpha.jar:/Users/ArthiKrishnamurthi/.m2/repository/io/opentelemetry/opentelemetry-sdk-logs/1.28.0/opentelemetry-sdk-logs-1.28.0.jar:/Users/ArthiKrishnamurthi/.m2/repository/io/opentelemetry/opentelemetry-sdk-common/1.28.0/opentelemetry-sdk-common-1.28.0.jar:/Users/ArthiKrishnamurthi/.m2/repository/io/opentelemetry/opentelemetry-sdk-extension-autoconfigure-spi/1.28.0/opentelemetry-sdk-extension-autoconfigure-spi-1.28.0.jar:/Users/ArthiKrishnamurthi/.m2/repository/io/opentelemetry/opentelemetry-sdk-extension-autoconfigure/1.28.0/opentelemetry-sdk-extension-autoconfigure-1.28.0.jar:/Users/ArthiKrishnamurthi/.m2/repository/io/opentelemetry/opentelemetry-api-events/1.28.0-alpha/opentelemetry-api-events-1.28.0-alpha.jar:/Users/ArthiKrishnamurthi/.m2/repository/io/opentelemetry/opentelemetry-sdk-trace/1.28.0/opentelemetry-sdk-trace-1.28.0.jar:/Users/ArthiKrishnamurthi/.m2/repository/io/opentelemetry/opentelemetry-sdk/1.28.0/opentelemetry-sdk-1.28.0.jar:/Users/ArthiKrishnamurthi/.m2/repository/io/opentelemetry/opentelemetry-semconv/1.28.0-alpha/opentelemetry-semconv-1.28.0-alpha.jar:/Users/ArthiKrishnamurthi/.m2/repository/net/bytebuddy/byte-buddy/1.14.5/byte-buddy-1.14.5.jar:/Users/ArthiKrishnamurthi/.m2/repository/org/seleniumhq/selenium/selenium-os/4.14.0/selenium-os-4.14.0.jar:/Users/ArthiKrishnamurthi/.m2/repository/org/apache/commons/commons-exec/1.3/commons-exec-1.3.jar:/Users/ArthiKrishnamurthi/.m2/repository/org/seleniumhq/selenium/selenium-safari-driver/4.14.0/selenium-safari-driver-4.14.0.jar:/Users/ArthiKrishnamurthi/.m2/repository/org/seleniumhq/selenium/selenium-support/4.14.0/selenium-support-4.14.0.jar:/Users/ArthiKrishnamurthi/.m2/repository/io/cucumber/cucumber-java/7.15.0/cucumber-java-7.15.0.jar:/Users/ArthiKrishnamurthi/.m2/repository/io/cucumber/cucumber-core/7.15.0/cucumber-core-7.15.0.jar:/Users/ArthiKrishnamurthi/.m2/repository/io/cucumber/cucumber-gherkin/7.15.0/cucumber-gherkin-7.15.0.jar:/Users/ArthiKrishnamurthi/.m2/repository/io/cucumber/cucumber-gherkin-messages/7.15.0/cucumber-gherkin-messages-7.15.0.jar:/Users/ArthiKrishnamurthi/.m2/repository/io/cucumber/gherkin/26.2.0/gherkin-26.2.0.jar:/Users/ArthiKrishnamurthi/.m2/repository/io/cucumber/messages/22.0.0/messages-22.0.0.jar:/Users/ArthiKrishnamurthi/.m2/repository/io/cucumber/tag-expressions/6.0.0/tag-expressions-6.0.0.jar:/Users/ArthiKrishnamurthi/.m2/repository/io/cucumber/cucumber-expressions/17.0.1/cucumber-expressions-17.0.1.jar:/Users/ArthiKrishnamurthi/.m2/repository/io/cucumber/datatable/7.15.0/datatable-7.15.0.jar:/Users/ArthiKrishnamurthi/.m2/repository/io/cucumber/cucumber-plugin/7.15.0/cucumber-plugin-7.15.0.jar:/Users/ArthiKrishnamurthi/.m2/repository/io/cucumber/docstring/7.15.0/docstring-7.15.0.jar:/Users/ArthiKrishnamurthi/.m2/repository/io/cucumber/html-formatter/20.4.0/html-formatter-20.4.0.jar:/Users/ArthiKrishnamurthi/.m2/repository/io/cucumber/junit-xml-formatter/0.2.0/junit-xml-formatter-0.2.0.jar:/Users/ArthiKrishnamurthi/.m2/repository/io/cucumber/ci-environment/10.0.0/ci-environment-10.0.0.jar:/Users/ArthiKrishnamurthi/.m2/repository/org/apiguardian/apiguardian-api/1.1.2/apiguardian-api-1.1.2.jar:/Users/ArthiKrishnamurthi/.m2/repository/io/cucumber/cucumber-junit/7.15.0/cucumber-junit-7.15.0.jar:/Users/ArthiKrishnamurthi/.m2/repository/junit/junit/4.13.2/junit-4.13.2.jar:/Users/ArthiKrishnamurthi/.m2/repository/org/hamcrest/hamcrest-core/1.3/hamcrest-core-1.3.jar:"/>
    <property name="sun.cpu.endian" value="little"/>
    <property name="user.home" value="/Users/ArthiKrishnamurthi"/>
    <property name="user.language" value="en"/>
    <property name="java.specification.vendor" value="Oracle Corporation"/>
    <property name="java.version.date" value="2025-07-15"/>
    <property name="java.home" value="/opt/homebrew/Cellar/openjdk/24.0.2/libexec/openjdk.jdk/Contents/Home"/>
    <property name="file.separator" value="/"/>
    <property name="basedir" value="/Users/ArthiKrishnamurthi/hudl-login-tests-3/hudl-login-tests"/>
    <property name="java.vm.compressedOopsMode" value="Zero based"/>
    <property name="line.separator" value="&#10;"/>
    <property name="java.vm.specification.vendor" value="Oracle Corporation"/>
    <property name="java.specification.name" value="Java Platform API Specification"/>
    <property name="apple.awt.application.name" value="ForkedBooter"/>
    <property name="surefire.real.class.path" value="/Users/ArthiKrishnamurthi/hudl-login-tests-3/hudl-login-tests/target/surefire/surefirebooter-20250806065918199_3.jar"/>
    <property name="sun.management.compiler" value="HotSpot 64-Bit Tiered Compilers"/>
    <property name="ftp.nonProxyHosts" value="local|*.local|169.254/16|*.169.254/16"/>
    <property name="java.runtime.version" value="24.0.2"/>
    <property name="user.name" value="ArthiKrishnamurthi"/>
    <property name="stdout.encoding" value="UTF-8"/>
    <property name="path.separator" value=":"/>
    <property name="os.version" value="15.6"/>
    <property name="java.runtime.name" value="OpenJDK Runtime Environment"/>
    <property name="file.encoding" value="UTF-8"/>
    <property name="java.vm.name" value="OpenJDK 64-Bit Server VM"/>
    <property name="java.vendor.version" value="Homebrew"/>
    <property name="localRepository" value="/Users/ArthiKrishnamurthi/.m2/repository"/>
    <property name="java.vendor.url.bug" value="https://github.com/Homebrew/homebrew-core/issues"/>
    <property name="java.io.tmpdir" value="/var/folders/qp/9ns3xnl93txftn0s4v880y200000gp/T/"/>
    <property name="java.version" value="24.0.2"/>
    <property name="user.dir" value="/Users/ArthiKrishnamurthi/hudl-login-tests-3/hudl-login-tests"/>
    <property name="os.arch" value="aarch64"/>
    <property name="java.vm.specification.name" value="Java Virtual Machine Specification"/>
    <property name="native.encoding" value="UTF-8"/>
    <property name="java.library.path" value="/Users/ArthiKrishnamurthi/Library/Java/Extensions:/Library/Java/Extensions:/Network/Library/Java/Extensions:/System/Library/Java/Extensions:/usr/lib/java:."/>
    <property name="java.vm.info" value="mixed mode, sharing"/>
    <property name="stderr.encoding" value="UTF-8"/>
    <property name="java.vendor" value="Homebrew"/>
    <property name="java.vm.version" value="24.0.2"/>
    <property name="sun.io.unicode.encoding" value="UnicodeBig"/>
    <property name="socksNonProxyHosts" value="local|*.local|169.254/16|*.169.254/16"/>
    <property name="java.class.version" value="68.0"/>
  </properties>
  <testcase name="Valid login" classname="Hudl Login" time="13.018">
    <system-out><![CDATA[
Scenario: Valid login                          # src/test/java/features/login.feature:4
  Given I am on the Hudl login page            # stepDefnition.LoginSteps.i_am_on_the_hudl_login_page()
  When I enter valid credentials               # stepDefnition.LoginSteps.i_enter_valid_credentials()
  And I click the login button                 # stepDefnition.LoginSteps.i_click_the_login_button()
Current URL: https://identity.hudl.com/u/login/password?state=hKFo2SBDbjNPRkRZRFRZT01fYUVJX0NIRk5hSi1TRE90ZU15baFur3VuaXZlcnNhbC1sb2dpbqN0aWTZIGhaN3RtMUdvXzhPdFluaVQzaG84dVlfdWZBd0I1aWIwo2NpZNkgbjEzUmZrSHpLb3phTnhXQzVkWlFvYmVXR2Y0V2pTbjU
Page Title: Home - Hudl
Screenshot saved to: /Users/ArthiKrishnamurthi/hudl-login-tests-3/hudl-login-tests/dashboard_debug.png
  Then I should be redirected to the dashboard # stepDefnition.LoginSteps.i_should_be_redirected_to_the_dashboard()
]]></system-out>
    <system-err><![CDATA[Aug 06, 2025 6:59:20 AM org.openqa.selenium.devtools.CdpVersionFinder findNearestMatch
WARNING: Unable to find CDP implementation matching 139
Aug 06, 2025 6:59:20 AM org.openqa.selenium.chromium.ChromiumDriver lambda$new$5
WARNING: Unable to find version of CDP to use for 139.0.7258.67. You may need to include a dependency on a specific version of the CDP using something similar to `org.seleniumhq.selenium:selenium-devtools-v86:4.14.0` where the version ("v86") matches the version of the chromium-based browser you're using and the version number of the artifact is the same as Selenium's.
]]></system-err>
  </testcase>
  <testcase name="Invalid login with correct email format" classname="Hudl Login" time="6.815">
    <system-out><![CDATA[
Scenario: Invalid login with correct email format # src/test/java/features/login.feature:10
  Given I am on the Hudl login page               # stepDefnition.LoginSteps.i_am_on_the_hudl_login_page()
  When I enter invalid credentials                # stepDefnition.LoginSteps.i_enter_invalid_credentials()
  And I click the login button                    # stepDefnition.LoginSteps.i_click_the_login_button()
  Then I should see a login error message         # stepDefnition.LoginSteps.i_should_see_a_login_error_message()
]]></system-out>
    <system-err><![CDATA[Aug 06, 2025 6:59:33 AM org.openqa.selenium.devtools.CdpVersionFinder findNearestMatch
WARNING: Unable to find CDP implementation matching 139
Aug 06, 2025 6:59:33 AM org.openqa.selenium.chromium.ChromiumDriver lambda$new$5
WARNING: Unable to find version of CDP to use for 139.0.7258.67. You may need to include a dependency on a specific version of the CDP using something similar to `org.seleniumhq.selenium:selenium-devtools-v86:4.14.0` where the version ("v86") matches the version of the chromium-based browser you're using and the version number of the artifact is the same as Selenium's.
]]></system-err>
  </testcase>
  <testcase name="Valid Login with invalid email format" classname="Hudl Login" time="5.422">
    <system-out><![CDATA[
Scenario: Valid Login with invalid email format           # src/test/java/features/login.feature:17
  Given I am on the Hudl login page                       # stepDefnition.LoginSteps.i_am_on_the_hudl_login_page()
  When I enter an invalid email format and a password     # stepDefnition.LoginSteps.i_enter_invalid_email_format_and_a_password()
  And I click the login button                            # stepDefnition.LoginSteps.i_click_the_login_button()
  Then I should see an invalid email format error message # stepDefnition.LoginSteps.i_should_see_an_invalid_email_format_error_message()
]]></system-out>
    <system-err><![CDATA[Aug 06, 2025 6:59:40 AM org.openqa.selenium.devtools.CdpVersionFinder findNearestMatch
WARNING: Unable to find CDP implementation matching 139
Aug 06, 2025 6:59:40 AM org.openqa.selenium.chromium.ChromiumDriver lambda$new$5
WARNING: Unable to find version of CDP to use for 139.0.7258.67. You may need to include a dependency on a specific version of the CDP using something similar to `org.seleniumhq.selenium:selenium-devtools-v86:4.14.0` where the version ("v86") matches the version of the chromium-based browser you're using and the version number of the artifact is the same as Selenium's.
]]></system-err>
  </testcase>
  <testcase name="Blank email and continue" classname="Hudl Login" time="5.796">
    <system-out><![CDATA[
Scenario: Blank email and continue                  # src/test/java/features/login.feature:24
  Given I am on the Hudl login page                 # stepDefnition.LoginSteps.i_am_on_the_hudl_login_page()
  When I leave email and password blank             # stepDefnition.LoginSteps.i_leave_email_and_password_blank()
  And I click the login button                      # stepDefnition.LoginSteps.i_click_the_login_button()
  Then I should see a required fields error message # stepDefnition.LoginSteps.i_should_see_a_required_fields_error_message()
]]></system-out>
    <system-err><![CDATA[Aug 06, 2025 6:59:45 AM org.openqa.selenium.devtools.CdpVersionFinder findNearestMatch
WARNING: Unable to find CDP implementation matching 139
Aug 06, 2025 6:59:45 AM org.openqa.selenium.chromium.ChromiumDriver lambda$new$5
WARNING: Unable to find version of CDP to use for 139.0.7258.67. You may need to include a dependency on a specific version of the CDP using something similar to `org.seleniumhq.selenium:selenium-devtools-v86:4.14.0` where the version ("v86") matches the version of the chromium-based browser you're using and the version number of the artifact is the same as Selenium's.
]]></system-err>
  </testcase>
  <testcase name="Blank password" classname="Hudl Login" time="7.804">
    <system-out><![CDATA[
Scenario: Blank password                              # src/test/java/features/login.feature:30
  Given I am on the Hudl login page                   # stepDefnition.LoginSteps.i_am_on_the_hudl_login_page()
  When I enter a valid email and leave password blank # stepDefnition.LoginSteps.i_enter_valid_email_and_leave_password_blank()
  And I click the login button                        # stepDefnition.LoginSteps.i_click_the_login_button()
  Then I should see a password required error message # stepDefnition.LoginSteps.i_should_see_a_password_required_error_message()
]]></system-out>
    <system-err><![CDATA[Aug 06, 2025 6:59:51 AM org.openqa.selenium.devtools.CdpVersionFinder findNearestMatch
WARNING: Unable to find CDP implementation matching 139
Aug 06, 2025 6:59:51 AM org.openqa.selenium.chromium.ChromiumDriver lambda$new$5
WARNING: Unable to find version of CDP to use for 139.0.7258.67. You may need to include a dependency on a specific version of the CDP using something similar to `org.seleniumhq.selenium:selenium-devtools-v86:4.14.0` where the version ("v86") matches the version of the chromium-based browser you're using and the version number of the artifact is the same as Selenium's.
]]></system-err>
  </testcase>
  <testcase name="Forgot password link" classname="Hudl Login" time="7.527">
    <system-out><![CDATA[
Scenario: Forgot password link              # src/test/java/features/login.feature:37
  Given I am on the Hudl login page         # stepDefnition.LoginSteps.i_am_on_the_hudl_login_page()
  When I enter valid email without password # stepDefnition.LoginSteps.i_enter_valid_email_without_pasword()
  When I click the Forgot Password link     # stepDefnition.LoginSteps.i_click_the_forgot_password_link()
  Then I should see the password reset page # stepDefnition.LoginSteps.i_should_see_the_password_reset_page()
]]></system-out>
    <system-err><![CDATA[Aug 06, 2025 6:59:59 AM org.openqa.selenium.devtools.CdpVersionFinder findNearestMatch
WARNING: Unable to find CDP implementation matching 139
Aug 06, 2025 6:59:59 AM org.openqa.selenium.chromium.ChromiumDriver lambda$new$5
WARNING: Unable to find version of CDP to use for 139.0.7258.67. You may need to include a dependency on a specific version of the CDP using something similar to `org.seleniumhq.selenium:selenium-devtools-v86:4.14.0` where the version ("v86") matches the version of the chromium-based browser you're using and the version number of the artifact is the same as Selenium's.
]]></system-err>
  </testcase>
</testsuite>